Info: Starting: Create block symbol file (.bsf)
Info: qsys-generate C:\Users\janapinr\GuitarTunerFPGA\ip\TunerFFT\TunerFFT.qsys --block-symbol-file --output-directory=C:\Users\janapinr\GuitarTunerFPGA\ip\TunerFFT\TunerFFT --family="Cyclone V" --part=5CSEMA5F31C6
Progress: Loading TunerFFT/TunerFFT.qsys
Progress: Reading input file
Progress: Adding fft_ii_0 [altera_fft_ii 18.0]
Progress: Parameterizing module fft_ii_0
Progress: Building connections
Progress: Parameterizing connections
Progress: Validating
Progress: Done reading input file
Info: TunerFFT.fft_ii_0: Radix-4 digit reverse implied
Info: qsys-generate succeeded.
Info: Finished: Create block symbol file (.bsf)
Info: 
Info: Starting: Create HDL design files for synthesis
Info: qsys-generate C:\Users\janapinr\GuitarTunerFPGA\ip\TunerFFT\TunerFFT.qsys --synthesis=VERILOG --output-directory=C:\Users\janapinr\GuitarTunerFPGA\ip\TunerFFT\TunerFFT\synthesis --family="Cyclone V" --part=5CSEMA5F31C6
Progress: Loading TunerFFT/TunerFFT.qsys
Progress: Reading input file
Progress: Adding fft_ii_0 [altera_fft_ii 18.0]
Progress: Parameterizing module fft_ii_0
Progress: Building connections
Progress: Parameterizing connections
Progress: Validating
Progress: Done reading input file
Info: TunerFFT.fft_ii_0: Radix-4 digit reverse implied
Info: TunerFFT: Generating TunerFFT "TunerFFT" for QUARTUS_SYNTH
Info: fft_ii_0: --- add file: TunerFFT_fft_ii_0_twifp1.hex
Info: fft_ii_0: --- add file: TunerFFT_fft_ii_0_twifp2.hex
Info: fft_ii_0: --- add file: TunerFFT_fft_ii_0_twrfp1.hex
Info: fft_ii_0: --- add file: TunerFFT_fft_ii_0_twifp3.hex
Info: fft_ii_0: --- add file: TunerFFT_fft_ii_0_twrfp2.hex
Info: fft_ii_0: --- add file: TunerFFT_fft_ii_0_twrfp3.hex
Info: fft_ii_0: --- add file: TunerFFT_fft_ii_0_twifp4.hex
Info: fft_ii_0: --- add file: TunerFFT_fft_ii_0_twifp5.hex
Info: fft_ii_0: --- add file: TunerFFT_fft_ii_0_twrfp4.hex
Info: fft_ii_0: --- add file: TunerFFT_fft_ii_0_twrfp5.hex
Info: fft_ii_0: --- add file: TunerFFT_fft_ii_0_twifp6.hex
Info: fft_ii_0: --- add file: TunerFFT_fft_ii_0_twrfp6.hex
Info: fft_ii_0: --- add file: TunerFFT_fft_ii_0_twqfp1.hex
Info: fft_ii_0: --- add file: TunerFFT_fft_ii_0_twqfp2.hex
Info: fft_ii_0: --- add file: TunerFFT_fft_ii_0_twqfp3.hex
Info: fft_ii_0: --- add file: TunerFFT_fft_ii_0_twqfp4.hex
Info: fft_ii_0: --- add file: TunerFFT_fft_ii_0_twqfp5.hex
Info: fft_ii_0: --- add file: TunerFFT_fft_ii_0_twqfp6.hex
Info: fft_ii_0: "TunerFFT" instantiated altera_fft_ii "fft_ii_0"
Info: TunerFFT: Done "TunerFFT" with 2 modules, 76 files
Info: qsys-generate succeeded.
Info: Finished: Create HDL design files for synthesis
