Info: Starting: Create simulation model
Info: qsys-generate C:\Users\janapinr\GuitarTunerFPGA\ip\TunerFFT\TunerFFT.qsys --simulation=VERILOG --allow-mixed-language-simulation --output-directory=C:\Users\janapinr\GuitarTunerFPGA\ip\TunerFFT\TunerFFT\simulation --family="Cyclone V" --part=5CSEMA5F31C6
Progress: Loading TunerFFT/TunerFFT.qsys
Progress: Reading input file
Progress: Adding fft_ii_0 [altera_fft_ii 18.0]
Progress: Parameterizing module fft_ii_0
Progress: Building connections
Progress: Parameterizing connections
Progress: Validating
Progress: Done reading input file
Info: TunerFFT.fft_ii_0: Radix-4 digit reverse implied
Info: TunerFFT: Generating TunerFFT "TunerFFT" for SIM_VERILOG
Info: fft_ii_0: --- add file: TunerFFT_fft_ii_0_twifp1.hex
Info: fft_ii_0: --- add file: TunerFFT_fft_ii_0_twifp2.hex
Info: fft_ii_0: --- add file: TunerFFT_fft_ii_0_twrfp1.hex
Info: fft_ii_0: --- add file: TunerFFT_fft_ii_0_twifp3.hex
Info: fft_ii_0: --- add file: TunerFFT_fft_ii_0_twrfp2.hex
Info: fft_ii_0: --- add file: TunerFFT_fft_ii_0_twrfp3.hex
Info: fft_ii_0: --- add file: TunerFFT_fft_ii_0_twifp4.hex
Info: fft_ii_0: --- add file: TunerFFT_fft_ii_0_twifp5.hex
Info: fft_ii_0: --- add file: TunerFFT_fft_ii_0_twrfp4.hex
Info: fft_ii_0: --- add file: TunerFFT_fft_ii_0_twrfp5.hex
Info: fft_ii_0: --- add file: TunerFFT_fft_ii_0_twifp6.hex
Info: fft_ii_0: --- add file: TunerFFT_fft_ii_0_twrfp6.hex
Info: fft_ii_0: --- add file: TunerFFT_fft_ii_0_twqfp1.hex
Info: fft_ii_0: --- add file: TunerFFT_fft_ii_0_twqfp2.hex
Info: fft_ii_0: --- add file: TunerFFT_fft_ii_0_twqfp3.hex
Info: fft_ii_0: --- add file: TunerFFT_fft_ii_0_twqfp4.hex
Info: fft_ii_0: --- add file: TunerFFT_fft_ii_0_twqfp5.hex
Info: fft_ii_0: --- add file: TunerFFT_fft_ii_0_twqfp6.hex
Info: fft_ii_0: "TunerFFT" instantiated altera_fft_ii "fft_ii_0"
Info: TunerFFT: Done "TunerFFT" with 2 modules, 178 files
Info: qsys-generate succeeded.
Info: Finished: Create simulation model
Info: Starting: Create Modelsim Project.
Info: sim-script-gen --spd=C:\Users\janapinr\GuitarTunerFPGA\ip\TunerFFT\TunerFFT\TunerFFT.spd --output-directory=C:/Users/janapinr/GuitarTunerFPGA/ip/TunerFFT/TunerFFT/simulation/ --use-relative-paths=true
Info: Doing: ip-make-simscript --spd=C:\Users\janapinr\GuitarTunerFPGA\ip\TunerFFT\TunerFFT\TunerFFT.spd --output-directory=C:/Users/janapinr/GuitarTunerFPGA/ip/TunerFFT/TunerFFT/simulation/ --use-relative-paths=true
Info: Generating the following file(s) for MODELSIM simulator in C:/Users/janapinr/GuitarTunerFPGA/ip/TunerFFT/TunerFFT/simulation/ directory:
Info: 	mentor/msim_setup.tcl
Info: Skipping VCS script generation since VHDL file $QUARTUS_INSTALL_DIR/eda/sim_lib/altera_syn_attributes.vhd is required for simulation
Info: Generating the following file(s) for VCSMX simulator in C:/Users/janapinr/GuitarTunerFPGA/ip/TunerFFT/TunerFFT/simulation/ directory:
Info: 	synopsys/vcsmx/synopsys_sim.setup
Info: 	synopsys/vcsmx/vcsmx_setup.sh
Info: Generating the following file(s) for NCSIM simulator in C:/Users/janapinr/GuitarTunerFPGA/ip/TunerFFT/TunerFFT/simulation/ directory:
Info: 	cadence/cds.lib
Info: 	cadence/hdl.var
Info: 	cadence/ncsim_setup.sh
Info: 	1 .cds.lib files in cadence/cds_libs/ directory
Info: Generating the following file(s) for RIVIERA simulator in C:/Users/janapinr/GuitarTunerFPGA/ip/TunerFFT/TunerFFT/simulation/ directory:
Info: 	aldec/rivierapro_setup.tcl
Info: For information on how to simulate your IP, see the explanatory comments in the simulator-specific subdirectories under C:/Users/janapinr/GuitarTunerFPGA/ip/TunerFFT/TunerFFT/simulation/.
Info: Regenerate these scripts whenever you make any change to any Quartus-generated IP in your project.
Info: Finished: Create Modelsim Project.
Info: 
Info: Starting: Create HDL design files for synthesis
Info: qsys-generate C:\Users\janapinr\GuitarTunerFPGA\ip\TunerFFT\TunerFFT.qsys --synthesis=VERILOG --output-directory=C:\Users\janapinr\GuitarTunerFPGA\ip\TunerFFT\TunerFFT\synthesis --family="Cyclone V" --part=5CSEMA5F31C6
Progress: Loading TunerFFT/TunerFFT.qsys
Progress: Reading input file
Progress: Adding fft_ii_0 [altera_fft_ii 18.0]
Progress: Parameterizing module fft_ii_0
Progress: Building connections
Progress: Parameterizing connections
Progress: Validating
Progress: Done reading input file
Info: TunerFFT.fft_ii_0: Radix-4 digit reverse implied
Info: TunerFFT: Generating TunerFFT "TunerFFT" for QUARTUS_SYNTH
Info: fft_ii_0: --- add file: TunerFFT_fft_ii_0_twifp1.hex
Info: fft_ii_0: --- add file: TunerFFT_fft_ii_0_twifp2.hex
Info: fft_ii_0: --- add file: TunerFFT_fft_ii_0_twrfp1.hex
Info: fft_ii_0: --- add file: TunerFFT_fft_ii_0_twifp3.hex
Info: fft_ii_0: --- add file: TunerFFT_fft_ii_0_twrfp2.hex
Info: fft_ii_0: --- add file: TunerFFT_fft_ii_0_twrfp3.hex
Info: fft_ii_0: --- add file: TunerFFT_fft_ii_0_twifp4.hex
Info: fft_ii_0: --- add file: TunerFFT_fft_ii_0_twifp5.hex
Info: fft_ii_0: --- add file: TunerFFT_fft_ii_0_twrfp4.hex
Info: fft_ii_0: --- add file: TunerFFT_fft_ii_0_twrfp5.hex
Info: fft_ii_0: --- add file: TunerFFT_fft_ii_0_twifp6.hex
Info: fft_ii_0: --- add file: TunerFFT_fft_ii_0_twrfp6.hex
Info: fft_ii_0: --- add file: TunerFFT_fft_ii_0_twqfp1.hex
Info: fft_ii_0: --- add file: TunerFFT_fft_ii_0_twqfp2.hex
Info: fft_ii_0: --- add file: TunerFFT_fft_ii_0_twqfp3.hex
Info: fft_ii_0: --- add file: TunerFFT_fft_ii_0_twqfp4.hex
Info: fft_ii_0: --- add file: TunerFFT_fft_ii_0_twqfp5.hex
Info: fft_ii_0: --- add file: TunerFFT_fft_ii_0_twqfp6.hex
Info: fft_ii_0: "TunerFFT" instantiated altera_fft_ii "fft_ii_0"
Info: TunerFFT: Done "TunerFFT" with 2 modules, 76 files
Info: qsys-generate succeeded.
Info: Finished: Create HDL design files for synthesis
