Flow report for GuitarTunerFPGA
Mon Nov 17 23:30:37 2025
Quartus Prime Version 18.0.0 Build 614 04/24/2018 SJ Standard Edition


---------------------
; Table of Contents ;
---------------------
  1. Legal Notice
  2. Flow Summary
  3. Flow Settings
  4. Flow Non-Default Global Settings
  5. Flow Elapsed Time
  6. Flow OS Summary
  7. Flow Log
  8. Flow Messages
  9. Flow Suppressed Messages



----------------
; Legal Notice ;
----------------
Copyright (C) 2018  Intel Corporation. All rights reserved.
Your use of Intel Corporation's design tools, logic functions 
and other software and tools, and its AMPP partner logic 
functions, and any output files from any of the foregoing 
(including device programming or simulation files), and any 
associated documentation or information are expressly subject 
to the terms and conditions of the Intel Program License 
Subscription Agreement, the Intel Quartus Prime License Agreement,
the Intel FPGA IP License Agreement, or other applicable license
agreement, including, without limitation, that your use is for
the sole purpose of programming logic devices manufactured by
Intel and sold by Intel or its authorized distributors.  Please
refer to the applicable agreement for further details.



+-----------------------------------------------------------------------------------+
; Flow Summary                                                                      ;
+---------------------------------+-------------------------------------------------+
; Flow Status                     ; Successful - Mon Nov 17 23:30:32 2025           ;
; Quartus Prime Version           ; 18.0.0 Build 614 04/24/2018 SJ Standard Edition ;
; Revision Name                   ; GuitarTunerFPGA                                 ;
; Top-level Entity Name           ; GuitarTunerFPGA                                 ;
; Family                          ; Cyclone V                                       ;
; Device                          ; 5CSEMA5F31C6                                    ;
; Timing Models                   ; Final                                           ;
; Logic utilization (in ALMs)     ; 1,345 / 32,070 ( 4 % )                          ;
; Total registers                 ; 1665                                            ;
; Total pins                      ; 28 / 457 ( 6 % )                                ;
; Total virtual pins              ; 0                                               ;
; Total block memory bits         ; 35,246 / 4,065,280 ( < 1 % )                    ;
; Total DSP Blocks                ; 0 / 87 ( 0 % )                                  ;
; Total HSSI RX PCSs              ; 0                                               ;
; Total HSSI PMA RX Deserializers ; 0                                               ;
; Total HSSI TX PCSs              ; 0                                               ;
; Total HSSI PMA TX Serializers   ; 0                                               ;
; Total PLLs                      ; 1 / 6 ( 17 % )                                  ;
; Total DLLs                      ; 0 / 4 ( 0 % )                                   ;
+---------------------------------+-------------------------------------------------+


+-----------------------------------------+
; Flow Settings                           ;
+-------------------+---------------------+
; Option            ; Setting             ;
+-------------------+---------------------+
; Start date & time ; 11/17/2025 23:28:15 ;
; Main task         ; Compilation         ;
; Revision Name     ; GuitarTunerFPGA     ;
+-------------------+---------------------+


+----------------------------------------------------------------------------------------------------------------------------------------------------------------------------------------+
; Flow Non-Default Global Settings                                                                                                                                                       ;
+-------------------------------------+-------------------------------------------------------------------------------------------+---------------+-------------------+------------------+
; Assignment Name                     ; Value                                                                                     ; Default Value ; Entity Name       ; Section Id       ;
+-------------------------------------+-------------------------------------------------------------------------------------------+---------------+-------------------+------------------+
; COMPILER_SIGNATURE_ID               ; 84486698159587.176344009508508                                                            ; --            ; --                ; --               ;
; ENABLE_SIGNALTAP                    ; On                                                                                        ; --            ; --                ; --               ;
; MAX_CORE_JUNCTION_TEMP              ; 85                                                                                        ; --            ; --                ; --               ;
; MESSAGE_DISABLE                     ; 270007                                                                                    ; --            ; TunerFFT_fft_ii_0 ; --               ;
; MIN_CORE_JUNCTION_TEMP              ; 0                                                                                         ; --            ; --                ; --               ;
; MISC_FILE                           ; ip/TunerFFT/TunerFFT/synthesis/../TunerFFT.cmp                                            ; --            ; --                ; --               ;
; MISC_FILE                           ; ip/TunerFFT/TunerFFT/synthesis/../../TunerFFT.qsys                                        ; --            ; --                ; --               ;
; MISC_FILE                           ; ip/DualClockFIFO.bsf                                                                      ; --            ; --                ; --               ;
; MISC_FILE                           ; ip/DualClockFIFO_inst.v                                                                   ; --            ; --                ; --               ;
; MISC_FILE                           ; ip/DualClockFIFO_bb.v                                                                     ; --            ; --                ; --               ;
; PARTITION_COLOR                     ; -- (Not supported for targeted family)                                                    ; --            ; --                ; Top              ;
; PARTITION_FITTER_PRESERVATION_LEVEL ; -- (Not supported for targeted family)                                                    ; --            ; --                ; Top              ;
; PARTITION_NETLIST_TYPE              ; -- (Not supported for targeted family)                                                    ; --            ; --                ; Top              ;
; POWER_BOARD_THERMAL_MODEL           ; None (CONSERVATIVE)                                                                       ; --            ; --                ; --               ;
; POWER_PRESET_COOLING_SOLUTION       ; 23 MM HEAT SINK WITH 200 LFPM AIRFLOW                                                     ; --            ; --                ; --               ;
; PROJECT_OUTPUT_DIRECTORY            ; output_files                                                                              ; --            ; --                ; --               ;
; SLD_FILE                            ; ip/TunerFFT/TunerFFT/synthesis/TunerFFT.debuginfo                                         ; --            ; --                ; --               ;
; SLD_FILE                            ; db/stp1_auto_stripped.stp                                                                 ; --            ; --                ; --               ;
; SLD_INFO                            ; QSYS_NAME TunerFFT HAS_SOPCINFO 1 GENERATION_ID 1763437608                                ; --            ; TunerFFT          ; --               ;
; SLD_NODE_CREATOR_ID                 ; 110                                                                                       ; --            ; --                ; auto_signaltap_0 ;
; SLD_NODE_ENTITY_NAME                ; sld_signaltap                                                                             ; --            ; --                ; auto_signaltap_0 ;
; SLD_NODE_PARAMETER_ASSIGNMENT       ; SLD_RAM_BLOCK_TYPE=AUTO                                                                   ; --            ; --                ; auto_signaltap_0 ;
; SLD_NODE_PARAMETER_ASSIGNMENT       ; SLD_DATA_BITS=16                                                                          ; --            ; --                ; auto_signaltap_0 ;
; SLD_NODE_PARAMETER_ASSIGNMENT       ; SLD_TRIGGER_BITS=16                                                                       ; --            ; --                ; auto_signaltap_0 ;
; SLD_NODE_PARAMETER_ASSIGNMENT       ; SLD_STORAGE_QUALIFIER_BITS=16                                                             ; --            ; --                ; auto_signaltap_0 ;
; SLD_NODE_PARAMETER_ASSIGNMENT       ; SLD_NODE_INFO=805334528                                                                   ; --            ; --                ; auto_signaltap_0 ;
; SLD_NODE_PARAMETER_ASSIGNMENT       ; SLD_POWER_UP_TRIGGER=0                                                                    ; --            ; --                ; auto_signaltap_0 ;
; SLD_NODE_PARAMETER_ASSIGNMENT       ; SLD_INVERSION_MASK=0000000000000000000000000000000000000000000000000000000000000000000000 ; --            ; --                ; auto_signaltap_0 ;
; SLD_NODE_PARAMETER_ASSIGNMENT       ; SLD_INVERSION_MASK_LENGTH=70                                                              ; --            ; --                ; auto_signaltap_0 ;
; SLD_NODE_PARAMETER_ASSIGNMENT       ; SLD_STORAGE_QUALIFIER_INVERSION_MASK_LENGTH=1                                             ; --            ; --                ; auto_signaltap_0 ;
; SLD_NODE_PARAMETER_ASSIGNMENT       ; SLD_SEGMENT_SIZE=128                                                                      ; --            ; --                ; auto_signaltap_0 ;
; SLD_NODE_PARAMETER_ASSIGNMENT       ; SLD_ATTRIBUTE_MEM_MODE=OFF                                                                ; --            ; --                ; auto_signaltap_0 ;
; SLD_NODE_PARAMETER_ASSIGNMENT       ; SLD_STATE_FLOW_USE_GENERATED=0                                                            ; --            ; --                ; auto_signaltap_0 ;
; SLD_NODE_PARAMETER_ASSIGNMENT       ; SLD_STATE_BITS=11                                                                         ; --            ; --                ; auto_signaltap_0 ;
; SLD_NODE_PARAMETER_ASSIGNMENT       ; SLD_BUFFER_FULL_STOP=1                                                                    ; --            ; --                ; auto_signaltap_0 ;
; SLD_NODE_PARAMETER_ASSIGNMENT       ; SLD_CURRENT_RESOURCE_WIDTH=1                                                              ; --            ; --                ; auto_signaltap_0 ;
; SLD_NODE_PARAMETER_ASSIGNMENT       ; SLD_STORAGE_QUALIFIER_GAP_RECORD=1                                                        ; --            ; --                ; auto_signaltap_0 ;
; SLD_NODE_PARAMETER_ASSIGNMENT       ; SLD_STORAGE_QUALIFIER_MODE=PORT                                                           ; --            ; --                ; auto_signaltap_0 ;
; SLD_NODE_PARAMETER_ASSIGNMENT       ; SLD_INCREMENTAL_ROUTING=1                                                                 ; --            ; --                ; auto_signaltap_0 ;
; SLD_NODE_PARAMETER_ASSIGNMENT       ; SLD_TRIGGER_LEVEL=1                                                                       ; --            ; --                ; auto_signaltap_0 ;
; SLD_NODE_PARAMETER_ASSIGNMENT       ; SLD_SAMPLE_DEPTH=128                                                                      ; --            ; --                ; auto_signaltap_0 ;
; SLD_NODE_PARAMETER_ASSIGNMENT       ; SLD_TRIGGER_IN_ENABLED=0                                                                  ; --            ; --                ; auto_signaltap_0 ;
; SLD_NODE_PARAMETER_ASSIGNMENT       ; SLD_TRIGGER_PIPELINE=0                                                                    ; --            ; --                ; auto_signaltap_0 ;
; SLD_NODE_PARAMETER_ASSIGNMENT       ; SLD_RAM_PIPELINE=1                                                                        ; --            ; --                ; auto_signaltap_0 ;
; SLD_NODE_PARAMETER_ASSIGNMENT       ; SLD_COUNTER_PIPELINE=0                                                                    ; --            ; --                ; auto_signaltap_0 ;
; SLD_NODE_PARAMETER_ASSIGNMENT       ; SLD_ADVANCED_TRIGGER_ENTITY=basic,1,                                                      ; --            ; --                ; auto_signaltap_0 ;
; SLD_NODE_PARAMETER_ASSIGNMENT       ; SLD_TRIGGER_LEVEL_PIPELINE=1                                                              ; --            ; --                ; auto_signaltap_0 ;
; SLD_NODE_PARAMETER_ASSIGNMENT       ; SLD_ENABLE_ADVANCED_TRIGGER=0                                                             ; --            ; --                ; auto_signaltap_0 ;
; SOPCINFO_FILE                       ; ip/TunerFFT/TunerFFT/synthesis/../../TunerFFT.sopcinfo                                    ; --            ; --                ; --               ;
; SYNTHESIS_ONLY_QIP                  ; On                                                                                        ; --            ; --                ; --               ;
; USE_SIGNALTAP_FILE                  ; probing/stp1.stp                                                                          ; --            ; --                ; --               ;
+-------------------------------------+-------------------------------------------------------------------------------------------+---------------+-------------------+------------------+


+--------------------------------------------------------------------------------------------------------------------------+
; Flow Elapsed Time                                                                                                        ;
+----------------------+--------------+-------------------------+---------------------+------------------------------------+
; Module Name          ; Elapsed Time ; Average Processors Used ; Peak Virtual Memory ; Total CPU Time (on all processors) ;
+----------------------+--------------+-------------------------+---------------------+------------------------------------+
; Analysis & Synthesis ; 00:01:08     ; 1.0                     ; 5659 MB             ; 00:01:20                           ;
; Fitter               ; 00:00:55     ; 1.1                     ; 8154 MB             ; 00:06:32                           ;
; Assembler            ; 00:00:05     ; 1.0                     ; 4870 MB             ; 00:00:05                           ;
; Timing Analyzer      ; 00:00:04     ; 2.5                     ; 5404 MB             ; 00:00:08                           ;
; Total                ; 00:02:12     ; --                      ; --                  ; 00:08:05                           ;
+----------------------+--------------+-------------------------+---------------------+------------------------------------+


+------------------------------------------------------------------------------------+
; Flow OS Summary                                                                    ;
+----------------------+------------------+------------+------------+----------------+
; Module Name          ; Machine Hostname ; OS Name    ; OS Version ; Processor type ;
+----------------------+------------------+------------+------------+----------------+
; Analysis & Synthesis ; BA3155WS28       ; Windows 10 ; 10.0       ; x86_64         ;
; Fitter               ; BA3155WS28       ; Windows 10 ; 10.0       ; x86_64         ;
; Assembler            ; BA3155WS28       ; Windows 10 ; 10.0       ; x86_64         ;
; Timing Analyzer      ; BA3155WS28       ; Windows 10 ; 10.0       ; x86_64         ;
+----------------------+------------------+------------+------------+----------------+


------------
; Flow Log ;
------------
quartus_map --read_settings_files=on --write_settings_files=off GuitarTunerFPGA -c GuitarTunerFPGA
quartus_fit --read_settings_files=off --write_settings_files=off GuitarTunerFPGA -c GuitarTunerFPGA
quartus_asm --read_settings_files=off --write_settings_files=off GuitarTunerFPGA -c GuitarTunerFPGA
quartus_sta GuitarTunerFPGA -c GuitarTunerFPGA



